<?xml version="1.0" encoding="UTF-8"?>
<testng-results ignored="1" total="3" passed="1" failed="1" skipped="0">
  <reporter-output>
  </reporter-output>
  <suite started-at="2024-11-16T15:48:34 IST" name="Suite" finished-at="2024-11-16T15:48:50 IST" duration-ms="15791">
    <groups>
      <group name="Smoke">
        <method signature="AddProductToCartTest.tc_001_AddSingleProductToCartTest()[pri:0, instance:products.AddProductToCartTest@3b69e7d1]" name="tc_001_AddSingleProductToCartTest" class="products.AddProductToCartTest"/>
        <method signature="RemoveProductTest.sample()[pri:0, instance:products.RemoveProductTest@2f4948e4]" name="sample" class="products.RemoveProductTest"/>
      </group> <!-- Smoke -->
    </groups>
    <test started-at="2024-11-16T15:48:34 IST" name="Test" finished-at="2024-11-16T15:48:50 IST" duration-ms="15791">
      <class name="products.AddProductToCartTest">
        <test-method is-config="true" signature="bcConfig()[pri:0, instance:products.AddProductToCartTest@3b69e7d1]" started-at="2024-11-16T15:48:35 IST" name="bcConfig" finished-at="2024-11-16T15:48:40 IST" duration-ms="5271" status="PASS">
          <reporter-output>
          </reporter-output>
        </test-method> <!-- bcConfig -->
        <test-method is-config="true" signature="bmConfig()[pri:0, instance:products.AddProductToCartTest@3b69e7d1]" started-at="2024-11-16T15:48:40 IST" name="bmConfig" finished-at="2024-11-16T15:48:40 IST" duration-ms="309" status="PASS">
          <reporter-output>
          </reporter-output>
        </test-method> <!-- bmConfig -->
        <test-method signature="tc_001_AddSingleProductToCartTest()[pri:0, instance:products.AddProductToCartTest@3b69e7d1]" started-at="2024-11-16T15:48:40 IST" name="tc_001_AddSingleProductToCartTest" finished-at="2024-11-16T15:48:45 IST" duration-ms="4873" status="FAIL">
          <exception class="java.lang.AssertionError">
            <message>
              <![CDATA[null]]>
            </message>
            <full-stacktrace>
              <![CDATA[java.lang.AssertionError: null
at org.testng.Assert.fail(Assert.java:99)
at org.testng.Assert.fail(Assert.java:106)
at products.AddProductToCartTest.tc_001_AddSingleProductToCartTest(AddProductToCartTest.java:85)
at java.base/jdk.internal.reflect.DirectMethodHandleAccessor.invoke(DirectMethodHandleAccessor.java:103)
at java.base/java.lang.reflect.Method.invoke(Method.java:580)
at org.testng.internal.MethodInvocationHelper.invokeMethod(MethodInvocationHelper.java:133)
at org.testng.internal.TestInvoker.invokeMethod(TestInvoker.java:598)
at org.testng.internal.TestInvoker.invokeTestMethod(TestInvoker.java:173)
at org.testng.internal.MethodRunner.runInSequence(MethodRunner.java:46)
at org.testng.internal.TestInvoker$MethodInvocationAgent.invoke(TestInvoker.java:824)
at org.testng.internal.TestInvoker.invokeTestMethods(TestInvoker.java:146)
at org.testng.internal.TestMethodWorker.invokeTestMethods(TestMethodWorker.java:146)
at org.testng.internal.TestMethodWorker.run(TestMethodWorker.java:128)
at java.base/java.util.ArrayList.forEach(ArrayList.java:1597)
at org.testng.TestRunner.privateRun(TestRunner.java:794)
at org.testng.TestRunner.run(TestRunner.java:596)
at org.testng.SuiteRunner.runTest(SuiteRunner.java:377)
at org.testng.SuiteRunner.runSequentially(SuiteRunner.java:371)
at org.testng.SuiteRunner.privateRun(SuiteRunner.java:332)
at org.testng.SuiteRunner.run(SuiteRunner.java:276)
at org.testng.SuiteRunnerWorker.runSuite(SuiteRunnerWorker.java:53)
at org.testng.SuiteRunnerWorker.run(SuiteRunnerWorker.java:96)
at org.testng.TestNG.runSuitesSequentially(TestNG.java:1212)
at org.testng.TestNG.runSuitesLocally(TestNG.java:1134)
at org.testng.TestNG.runSuites(TestNG.java:1063)
at org.testng.TestNG.run(TestNG.java:1031)
at org.testng.remote.AbstractRemoteTestNG.run(AbstractRemoteTestNG.java:115)
at org.testng.remote.RemoteTestNG.initAndRun(RemoteTestNG.java:293)
at org.testng.remote.RemoteTestNG.main(RemoteTestNG.java:91)
]]>
            </full-stacktrace>
          </exception> <!-- java.lang.AssertionError -->
          <reporter-output>
          </reporter-output>
        </test-method> <!-- tc_001_AddSingleProductToCartTest -->
        <test-method is-config="true" signature="amConfig()[pri:0, instance:products.AddProductToCartTest@3b69e7d1]" started-at="2024-11-16T15:48:45 IST" name="amConfig" finished-at="2024-11-16T15:48:45 IST" duration-ms="218" status="PASS">
          <reporter-output>
          </reporter-output>
        </test-method> <!-- amConfig -->
        <test-method is-config="true" signature="acConfig()[pri:0, instance:products.AddProductToCartTest@3b69e7d1]" started-at="2024-11-16T15:48:45 IST" name="acConfig" finished-at="2024-11-16T15:48:46 IST" duration-ms="260" status="PASS">
          <reporter-output>
          </reporter-output>
        </test-method> <!-- acConfig -->
        <test-method is-config="true" signature="asConfig()[pri:0, instance:products.AddProductToCartTest@3b69e7d1]" started-at="2024-11-16T15:48:51 IST" name="asConfig" finished-at="2024-11-16T15:48:51 IST" duration-ms="0" status="PASS">
          <reporter-output>
          </reporter-output>
        </test-method> <!-- asConfig -->
      </class> <!-- products.AddProductToCartTest -->
      <class name="products.RemoveProductTest">
        <test-method is-config="true" signature="bcConfig()[pri:0, instance:products.RemoveProductTest@2f4948e4]" started-at="2024-11-16T15:48:46 IST" name="bcConfig" finished-at="2024-11-16T15:48:49 IST" duration-ms="3562" status="PASS">
          <reporter-output>
          </reporter-output>
        </test-method> <!-- bcConfig -->
        <test-method is-config="true" signature="bmConfig()[pri:0, instance:products.RemoveProductTest@2f4948e4]" started-at="2024-11-16T15:48:49 IST" name="bmConfig" finished-at="2024-11-16T15:48:49 IST" duration-ms="285" status="PASS">
          <reporter-output>
          </reporter-output>
        </test-method> <!-- bmConfig -->
        <test-method signature="sample()[pri:0, instance:products.RemoveProductTest@2f4948e4]" started-at="2024-11-16T15:48:49 IST" name="sample" finished-at="2024-11-16T15:48:49 IST" duration-ms="2" status="PASS">
          <reporter-output>
          </reporter-output>
        </test-method> <!-- sample -->
        <test-method is-config="true" signature="amConfig()[pri:0, instance:products.RemoveProductTest@2f4948e4]" started-at="2024-11-16T15:48:49 IST" name="amConfig" finished-at="2024-11-16T15:48:50 IST" duration-ms="242" status="PASS">
          <reporter-output>
          </reporter-output>
        </test-method> <!-- amConfig -->
        <test-method is-config="true" signature="acConfig()[pri:0, instance:products.RemoveProductTest@2f4948e4]" started-at="2024-11-16T15:48:50 IST" name="acConfig" finished-at="2024-11-16T15:48:50 IST" duration-ms="381" status="PASS">
          <reporter-output>
          </reporter-output>
        </test-method> <!-- acConfig -->
      </class> <!-- products.RemoveProductTest -->
    </test> <!-- Test -->
  </suite> <!-- Suite -->
</testng-results>
